<?xml version="1.0" encoding="UTF-8"?>
<!-- Generated by org.testng.reporters.JUnitXMLReporter -->
<testsuite hostname="SBR-DEVP-35" ignored="0" name="MTour App Test Cases" tests="7" failures="0" timestamp="2020-09-08T01:41:22 IST" time="76.252" errors="0">
  <testcase name="LoginPageTitleTest" time="0.095" classname="com.MTour.qa.testcases.MainPageTest"/>
  <testcase name="SubmitTest" time="1.942" classname="com.MTour.qa.testcases.MainPageTest"/>
  <testcase name="ResevePageTitleTest" time="0.013" classname="com.MTour.qa.testcases.ResevePageTest"/>
  <testcase name="VerifyDepartsColNameText" time="0.05" classname="com.MTour.qa.testcases.ResevePageTest"/>
  <testcase name="VerifyArrivesColNameText" time="0.04" classname="com.MTour.qa.testcases.ResevePageTest"/>
  <testcase name="ChooseFlightBtnTest" time="1.275" classname="com.MTour.qa.testcases.ResevePageTest"/>
  <testcase name="PurchasePageTitleTest" time="0.011" classname="com.MTour.qa.testcases.PurchasePageTest"/>
</testsuite> <!-- MTour App Test Cases -->
