<?xml version="1.0" encoding="UTF-8"?>
<!-- Generated by org.testng.reporters.JUnitXMLReporter -->
<testsuite hostname="SBR-DEVP-35" ignored="0" name="Default test" tests="4" failures="0" timestamp="2020-09-08T01:24:04 IST" time="42.964" errors="0">
  <testcase name="ResevePageTitleTest" time="0.072" classname="com.MTour.qa.testcases.ResevePageTest"/>
  <testcase name="VerifyDepartsColNameText" time="0.041" classname="com.MTour.qa.testcases.ResevePageTest"/>
  <testcase name="VerifyArrivesColNameText" time="0.07" classname="com.MTour.qa.testcases.ResevePageTest"/>
  <testcase name="ChooseFlightBtnTest" time="1.041" classname="com.MTour.qa.testcases.ResevePageTest"/>
</testsuite> <!-- Default test -->
